[debug] [2025-05-14T15:33:01.365Z] ----------------------------------------------------------------------
[debug] [2025-05-14T15:33:01.369Z] Command:       C:\Program Files\nodejs\node.exe C:\Users\THOMAS\AppData\Roaming\npm\node_modules\firebase-tools\lib\bin\firebase.js init
[debug] [2025-05-14T15:33:01.369Z] CLI Version:   14.3.1
[debug] [2025-05-14T15:33:01.370Z] Platform:      win32
[debug] [2025-05-14T15:33:01.370Z] Node Version:  v22.13.0
[debug] [2025-05-14T15:33:01.370Z] Time:          Wed May 14 2025 18:33:01 GMT+0300 (East Africa Time)
[debug] [2025-05-14T15:33:01.371Z] ----------------------------------------------------------------------
[debug] 
[debug] [2025-05-14T15:33:01.644Z] Object "/storage" in "firebase.json" has unknown property: {"additionalProperty":"cors"}
[debug] [2025-05-14T15:33:01.645Z] Field "/storage" in "firebase.json" is possibly invalid: must be array
[debug] [2025-05-14T15:33:01.645Z] Field "/storage" in "firebase.json" is possibly invalid: must match a schema in anyOf
[debug] [2025-05-14T15:33:01.649Z] > command requires scopes: ["email","openid","https://www.googleapis.com/auth/cloudplatformprojects.readonly","https://www.googleapis.com/auth/firebase","https://www.googleapis.com/auth/cloud-platform"]
[debug] [2025-05-14T15:33:01.649Z] > authorizing via signed-in user (busingyeanthony2@gmail.com)
[debug] [2025-05-14T15:33:01.650Z] Object "/storage" in "firebase.json" has unknown property: {"additionalProperty":"cors"}
[debug] [2025-05-14T15:33:01.650Z] Field "/storage" in "firebase.json" is possibly invalid: must be array
[debug] [2025-05-14T15:33:01.650Z] Field "/storage" in "firebase.json" is possibly invalid: must match a schema in anyOf
[info] 
     ######## #### ########  ######## ########     ###     ######  ########
     ##        ##  ##     ## ##       ##     ##  ##   ##  ##       ##
     ######    ##  ########  ######   ########  #########  ######  ######
     ##        ##  ##    ##  ##       ##     ## ##     ##       ## ##
     ##       #### ##     ## ######## ########  ##     ##  ######  ########

You're about to initialize a Firebase project in this directory:

  D:\hagai\CascadeProjects\ecommerce-platform

Before we get started, keep in mind:

  * You are initializing within an existing Firebase project directory

[info] 
=== Project Setup
[info] 
[info] First, let's associate this project directory with a Firebase project.
[info] You can create multiple project aliases by running firebase use --add, 
[info] but for now we'll just set up a default project.
[info] 
[debug] [2025-05-14T15:49:18.833Z] ExitPromptError: User force closed the prompt with SIGINT
    at Interface.sigint (C:\Users\THOMAS\AppData\Roaming\npm\node_modules\firebase-tools\node_modules\@inquirer\core\dist\commonjs\lib\create-prompt.js:100:37)
    at Interface.emit (node:events:524:28)
    at Interface.emit (node:domain:489:12)
    at [_ttyWrite] [as _ttyWrite] (node:internal/readline/interface:1124:18)
    at ReadStream.onkeypress (node:internal/readline/interface:263:20)
    at ReadStream.emit (node:events:536:35)
    at ReadStream.emit (node:domain:489:12)
    at emitKeys (node:internal/readline/utils:370:14)
    at emitKeys.next (<anonymous>)
    at ReadStream.onData (node:internal/readline/emitKeypressEvents:64:36)
[error] 
[error] Error: An unexpected error has occurred.
[debug] [2025-05-14T15:49:49.075Z] ----------------------------------------------------------------------
[debug] [2025-05-14T15:49:49.078Z] Command:       C:\Program Files\nodejs\node.exe C:\Users\THOMAS\AppData\Roaming\npm\node_modules\firebase-tools\lib\bin\firebase.js init
[debug] [2025-05-14T15:49:49.079Z] CLI Version:   14.3.1
[debug] [2025-05-14T15:49:49.079Z] Platform:      win32
[debug] [2025-05-14T15:49:49.079Z] Node Version:  v22.13.0
[debug] [2025-05-14T15:49:49.079Z] Time:          Wed May 14 2025 18:49:49 GMT+0300 (East Africa Time)
[debug] [2025-05-14T15:49:49.079Z] ----------------------------------------------------------------------
[debug] 
[debug] [2025-05-14T15:49:49.285Z] Object "/storage" in "firebase.json" has unknown property: {"additionalProperty":"cors"}
[debug] [2025-05-14T15:49:49.286Z] Field "/storage" in "firebase.json" is possibly invalid: must be array
[debug] [2025-05-14T15:49:49.286Z] Field "/storage" in "firebase.json" is possibly invalid: must match a schema in anyOf
[debug] [2025-05-14T15:49:49.290Z] > command requires scopes: ["email","openid","https://www.googleapis.com/auth/cloudplatformprojects.readonly","https://www.googleapis.com/auth/firebase","https://www.googleapis.com/auth/cloud-platform"]
[debug] [2025-05-14T15:49:49.290Z] > authorizing via signed-in user (busingyeanthony2@gmail.com)
[debug] [2025-05-14T15:49:49.291Z] Object "/storage" in "firebase.json" has unknown property: {"additionalProperty":"cors"}
[debug] [2025-05-14T15:49:49.291Z] Field "/storage" in "firebase.json" is possibly invalid: must be array
[debug] [2025-05-14T15:49:49.291Z] Field "/storage" in "firebase.json" is possibly invalid: must match a schema in anyOf
[info] 
     ######## #### ########  ######## ########     ###     ######  ########
     ##        ##  ##     ## ##       ##     ##  ##   ##  ##       ##
     ######    ##  ########  ######   ########  #########  ######  ######
     ##        ##  ##    ##  ##       ##     ## ##     ##       ## ##
     ##       #### ##     ## ######## ########  ##     ##  ######  ########

You're about to initialize a Firebase project in this directory:

  D:\hagai\CascadeProjects\ecommerce-platform

Before we get started, keep in mind:

  * You are initializing within an existing Firebase project directory

[debug] [2025-05-14T16:05:33.366Z] ExitPromptError: User force closed the prompt with SIGINT
    at Interface.sigint (C:\Users\THOMAS\AppData\Roaming\npm\node_modules\firebase-tools\node_modules\@inquirer\core\dist\commonjs\lib\create-prompt.js:100:37)
    at Interface.emit (node:events:524:28)
    at Interface.emit (node:domain:489:12)
    at [_ttyWrite] [as _ttyWrite] (node:internal/readline/interface:1124:18)
    at ReadStream.onkeypress (node:internal/readline/interface:263:20)
    at ReadStream.emit (node:events:536:35)
    at ReadStream.emit (node:domain:489:12)
    at emitKeys (node:internal/readline/utils:370:14)
    at emitKeys.next (<anonymous>)
    at ReadStream.onData (node:internal/readline/emitKeypressEvents:64:36)
[error] 
[error] Error: An unexpected error has occurred.
